<?xml version="1.0" encoding="UTF-8"?>
<!-- Generated by org.testng.reporters.JUnitXMLReporter -->
<testsuite ignored="0" hostname="ASUSTUF" failures="0" tests="18" name="Default test" time="12.75" errors="0" timestamp="2023-05-16T08:47:24 IST">
  <testcase classname="restAssuredProjectInJunkin.GithubRepo" name="CREATE_A_REPOSITORY_FOR_A_AUTHENTICATED_USER" time="3.745"/>
  <testcase classname="restAssuredProjectInJunkin.GithubRepo" name="UPDATE_A_REPOSITORY" time="0.645"/>
  <testcase classname="restAssuredProjectInJunkin.GithubRepo" name="GET_A_REPOSITORY" time="0.402"/>
  <testcase classname="restAssuredProjectInJunkin.GithubRepo" name="CREATE_FILE_CONTENT" time="0.573"/>
  <testcase classname="restAssuredProjectInJunkin.GithubRepo" name="LIST_FORK" time="0.357"/>
  <testcase classname="restAssuredProjectInJunkin.GithubRepo" name="LIST_REPOSITORIES_FOR_A_USER" time="0.751"/>
  <testcase classname="restAssuredProjectInJunkin.GithubRepo" name="LIST_REPOSITORY_LANGUAGE" time="0.371"/>
  <testcase classname="restAssuredProjectInJunkin.GithubRepo" name="LIST_PUBLIC_REPOSITORIES" time="0.529"/>
  <testcase classname="restAssuredProjectInJunkin.GithubRepo" name="CREATE_A_RELEASE" time="0.713"/>
  <testcase classname="restAssuredProjectInJunkin.GithubRepo" name="LIST_REPOSITORY_TAGS" time="0.359"/>
  <testcase classname="restAssuredProjectInJunkin.GithubRepo" name="CREATE_AN_AUTOLINK_REFERENCE_FOR_A_REPOSITORY" time="0.516"/>
  <testcase classname="restAssuredProjectInJunkin.GithubRepo" name="GET_AN_AUTOLINK_REFERENCE_FOR_A_REPOSITORY" time="0.353"/>
  <testcase classname="restAssuredProjectInJunkin.GithubRepo" name="GET_A_REPOSITORY_AGAIN" time="0.382"/>
  <testcase classname="restAssuredProjectInJunkin.GithubRepo" name="REPLACE_ALL_REPOSITORY_TOPICS" time="0.805"/>
  <testcase classname="restAssuredProjectInJunkin.GithubRepo" name="GET_ALL_REPOSITORY_TOPICS" time="0.403"/>
  <testcase classname="restAssuredProjectInJunkin.GithubRepo" name="DELETE_AN_AUTOLINK_REFERENCE_FOR_A_REPOSITORY" time="0.367"/>
  <testcase classname="restAssuredProjectInJunkin.GithubRepo" name="DELETE_A_FILE" time="0.804"/>
  <testcase classname="restAssuredProjectInJunkin.GithubRepo" name="DELETE_A_REPOSITORY" time="0.574"/>
</testsuite> <!-- Default test -->
